{"/home/creyes/cursos-udemy/react/proyecto-pern/rest-api-node-ts-server/src/server.ts": {"path":"/home/creyes/cursos-udemy/react/proyecto-pern/rest-api-node-ts-server/src/server.ts","statementMap":{"0":{"start":{"line":1,"column":0},"end":{"line":1,"column":30}},"1":{"start":{"line":2,"column":0},"end":{"line":2,"column":28}},"2":{"start":{"line":3,"column":0},"end":{"line":3,"column":55}},"3":{"start":{"line":4,"column":0},"end":{"line":4,"column":41}},"4":{"start":{"line":6,"column":12},"end":{"line":6,"column":21}},"5":{"start":{"line":8,"column":18},"end":{"line":16,"column":1}},"6":{"start":{"line":9,"column":2},"end":{"line":15,"column":3}},"7":{"start":{"line":10,"column":4},"end":{"line":10,"column":34}},"8":{"start":{"line":11,"column":4},"end":{"line":11,"column":26}},"9":{"start":{"line":12,"column":24},"end":{"line":12,"column":113}},"10":{"start":{"line":14,"column":24},"end":{"line":14,"column":126}},"11":{"start":{"line":18,"column":0},"end":{"line":18,"column":24}},"12":{"start":{"line":19,"column":0},"end":{"line":19,"column":44}},"13":{"start":{"line":20,"column":0},"end":{"line":22,"column":3}},"14":{"start":{"line":21,"column":2},"end":{"line":21,"column":45}},"15":{"start":{"line":24,"column":0},"end":{"line":27,"column":2}},"16":{"start":{"line":34,"column":85},"end":{"line":34,"column":46304}},"17":{"start":{"line":34,"column":89},"end":{"line":34,"column":46276}},"18":{"start":{"line":34,"column":46286},"end":{"line":34,"column":46303}},"19":{"start":{"line":34,"column":46419},"end":{"line":34,"column":46425}},"20":{"start":{"line":34,"column":46540},"end":{"line":34,"column":46546}},"21":{"start":{"line":34,"column":46661},"end":{"line":34,"column":46667}},"22":{"start":{"line":34,"column":46786},"end":{"line":34,"column":46792}},"23":{"start":{"line":34,"column":46936},"end":{"line":34,"column":46942}}},"fnMap":{"0":{"name":"(anonymous_1)","decl":{"start":{"line":8,"column":18},"end":{"line":8,"column":23}},"loc":{"start":{"line":8,"column":29},"end":{"line":16,"column":1}}},"1":{"name":"(anonymous_2)","decl":{"start":{"line":20,"column":19},"end":{"line":20,"column":20}},"loc":{"start":{"line":20,"column":32},"end":{"line":22,"column":1}}},"2":{"name":"oo_cm","decl":{"start":{"line":34,"column":77},"end":{"line":34,"column":82}},"loc":{"start":{"line":34,"column":82},"end":{"line":34,"column":46305}}}},"branchMap":{"0":{"loc":{"start":{"line":34,"column":96},"end":{"line":34,"column":46275}},"type":"binary-expr","locations":[{"start":{"line":34,"column":96},"end":{"line":34,"column":133}},{"start":{"line":34,"column":137},"end":{"line":34,"column":46275}}]}},"s":{"0":2,"1":2,"2":2,"3":2,"4":2,"5":2,"6":1,"7":1,"8":0,"9":0,"10":1,"11":2,"12":2,"13":2,"14":1,"15":2,"16":1,"17":1,"18":0,"19":2,"20":2,"21":2,"22":2,"23":2},"f":{"0":1,"1":1,"2":1},"b":{"0":[1,1]}}
,"/home/creyes/cursos-udemy/react/proyecto-pern/rest-api-node-ts-server/src/config/database.ts": {"path":"/home/creyes/cursos-udemy/react/proyecto-pern/rest-api-node-ts-server/src/config/database.ts","statementMap":{"0":{"start":{"line":1,"column":0},"end":{"line":1,"column":49}},"1":{"start":{"line":2,"column":0},"end":{"line":2,"column":24}},"2":{"start":{"line":4,"column":17},"end":{"line":11,"column":2}},"3":{"start":{"line":13,"column":0},"end":{"line":13,"column":24}}},"fnMap":{},"branchMap":{"0":{"loc":{"start":{"line":8,"column":11},"end":{"line":8,"column":63}},"type":"cond-expr","locations":[{"start":{"line":8,"column":44},"end":{"line":8,"column":55}},{"start":{"line":8,"column":58},"end":{"line":8,"column":63}}]}},"s":{"0":2,"1":2,"2":2,"3":2},"f":{},"b":{"0":[0,2]}}
,"/home/creyes/cursos-udemy/react/proyecto-pern/rest-api-node-ts-server/src/config/env.ts": {"path":"/home/creyes/cursos-udemy/react/proyecto-pern/rest-api-node-ts-server/src/config/env.ts","statementMap":{"0":{"start":{"line":1,"column":0},"end":{"line":1,"column":23}},"1":{"start":{"line":2,"column":0},"end":{"line":2,"column":24}},"2":{"start":{"line":4,"column":18},"end":{"line":14,"column":2}},"3":{"start":{"line":16,"column":18},"end":{"line":16,"column":50}},"4":{"start":{"line":18,"column":0},"end":{"line":29,"column":1}},"5":{"start":{"line":19,"column":2},"end":{"line":19,"column":50}},"6":{"start":{"line":21,"column":17},"end":{"line":21,"column":48}},"7":{"start":{"line":23,"column":2},"end":{"line":26,"column":5}},"8":{"start":{"line":28,"column":2},"end":{"line":28,"column":18}},"9":{"start":{"line":31,"column":12},"end":{"line":31,"column":26}},"10":{"start":{"line":33,"column":0},"end":{"line":33,"column":19}}},"fnMap":{},"branchMap":{"0":{"loc":{"start":{"line":18,"column":0},"end":{"line":29,"column":1}},"type":"if","locations":[{"start":{"line":18,"column":0},"end":{"line":29,"column":1}},{"start":{},"end":{}}]}},"s":{"0":2,"1":2,"2":2,"3":2,"4":2,"5":0,"6":0,"7":0,"8":0,"9":2,"10":2},"f":{},"b":{"0":[0,2]}}
,"/home/creyes/cursos-udemy/react/proyecto-pern/rest-api-node-ts-server/src/handlers/product.ts": {"path":"/home/creyes/cursos-udemy/react/proyecto-pern/rest-api-node-ts-server/src/handlers/product.ts","statementMap":{"0":{"start":{"line":2,"column":0},"end":{"line":2,"column":46}},"1":{"start":{"line":4,"column":27},"end":{"line":7,"column":1}},"2":{"start":{"line":5,"column":19},"end":{"line":5,"column":72}},"3":{"start":{"line":6,"column":2},"end":{"line":6,"column":43}},"4":{"start":{"line":4,"column":13},"end":{"line":4,"column":27}},"5":{"start":{"line":9,"column":29},"end":{"line":12,"column":1}},"6":{"start":{"line":10,"column":18},"end":{"line":10,"column":48}},"7":{"start":{"line":11,"column":2},"end":{"line":11,"column":42}},"8":{"start":{"line":9,"column":13},"end":{"line":9,"column":29}},"9":{"start":{"line":14,"column":30},"end":{"line":24,"column":1}},"10":{"start":{"line":17,"column":6},"end":{"line":17,"column":9}},"11":{"start":{"line":18,"column":18},"end":{"line":18,"column":45}},"12":{"start":{"line":20,"column":2},"end":{"line":21,"column":69}},"13":{"start":{"line":21,"column":4},"end":{"line":21,"column":69}},"14":{"start":{"line":23,"column":2},"end":{"line":23,"column":42}},"15":{"start":{"line":14,"column":13},"end":{"line":14,"column":30}},"16":{"start":{"line":26,"column":29},"end":{"line":38,"column":1}},"17":{"start":{"line":29,"column":6},"end":{"line":29,"column":9}},"18":{"start":{"line":30,"column":18},"end":{"line":30,"column":45}},"19":{"start":{"line":32,"column":2},"end":{"line":33,"column":69}},"20":{"start":{"line":33,"column":4},"end":{"line":33,"column":69}},"21":{"start":{"line":35,"column":2},"end":{"line":35,"column":33}},"22":{"start":{"line":37,"column":2},"end":{"line":37,"column":42}},"23":{"start":{"line":26,"column":13},"end":{"line":26,"column":29}},"24":{"start":{"line":40,"column":34},"end":{"line":53,"column":1}},"25":{"start":{"line":43,"column":6},"end":{"line":43,"column":9}},"26":{"start":{"line":44,"column":18},"end":{"line":44,"column":45}},"27":{"start":{"line":46,"column":2},"end":{"line":47,"column":69}},"28":{"start":{"line":47,"column":4},"end":{"line":47,"column":69}},"29":{"start":{"line":49,"column":2},"end":{"line":49,"column":58}},"30":{"start":{"line":50,"column":2},"end":{"line":50,"column":23}},"31":{"start":{"line":52,"column":2},"end":{"line":52,"column":42}},"32":{"start":{"line":40,"column":13},"end":{"line":40,"column":34}},"33":{"start":{"line":55,"column":29},"end":{"line":67,"column":1}},"34":{"start":{"line":58,"column":6},"end":{"line":58,"column":9}},"35":{"start":{"line":59,"column":18},"end":{"line":59,"column":45}},"36":{"start":{"line":61,"column":2},"end":{"line":62,"column":69}},"37":{"start":{"line":62,"column":4},"end":{"line":62,"column":69}},"38":{"start":{"line":64,"column":2},"end":{"line":64,"column":26}},"39":{"start":{"line":66,"column":2},"end":{"line":66,"column":25}},"40":{"start":{"line":55,"column":13},"end":{"line":55,"column":29}}},"fnMap":{"0":{"name":"(anonymous_1)","decl":{"start":{"line":4,"column":27},"end":{"line":4,"column":32}},"loc":{"start":{"line":4,"column":65},"end":{"line":7,"column":1}}},"1":{"name":"(anonymous_2)","decl":{"start":{"line":9,"column":29},"end":{"line":9,"column":34}},"loc":{"start":{"line":9,"column":67},"end":{"line":12,"column":1}}},"2":{"name":"(anonymous_3)","decl":{"start":{"line":14,"column":30},"end":{"line":14,"column":35}},"loc":{"start":{"line":14,"column":68},"end":{"line":24,"column":1}}},"3":{"name":"(anonymous_4)","decl":{"start":{"line":26,"column":29},"end":{"line":26,"column":34}},"loc":{"start":{"line":26,"column":67},"end":{"line":38,"column":1}}},"4":{"name":"(anonymous_5)","decl":{"start":{"line":40,"column":34},"end":{"line":40,"column":39}},"loc":{"start":{"line":40,"column":72},"end":{"line":53,"column":1}}},"5":{"name":"(anonymous_6)","decl":{"start":{"line":55,"column":29},"end":{"line":55,"column":34}},"loc":{"start":{"line":55,"column":67},"end":{"line":67,"column":1}}}},"branchMap":{"0":{"loc":{"start":{"line":20,"column":2},"end":{"line":21,"column":69}},"type":"if","locations":[{"start":{"line":20,"column":2},"end":{"line":21,"column":69}},{"start":{},"end":{}}]},"1":{"loc":{"start":{"line":32,"column":2},"end":{"line":33,"column":69}},"type":"if","locations":[{"start":{"line":32,"column":2},"end":{"line":33,"column":69}},{"start":{},"end":{}}]},"2":{"loc":{"start":{"line":46,"column":2},"end":{"line":47,"column":69}},"type":"if","locations":[{"start":{"line":46,"column":2},"end":{"line":47,"column":69}},{"start":{},"end":{}}]},"3":{"loc":{"start":{"line":61,"column":2},"end":{"line":62,"column":69}},"type":"if","locations":[{"start":{"line":61,"column":2},"end":{"line":62,"column":69}},{"start":{},"end":{}}]}},"s":{"0":2,"1":2,"2":2,"3":2,"4":2,"5":2,"6":1,"7":1,"8":2,"9":2,"10":2,"11":2,"12":2,"13":1,"14":1,"15":2,"16":2,"17":2,"18":2,"19":2,"20":1,"21":1,"22":1,"23":2,"24":2,"25":2,"26":2,"27":2,"28":1,"29":1,"30":1,"31":1,"32":2,"33":2,"34":2,"35":2,"36":2,"37":1,"38":1,"39":1,"40":2},"f":{"0":2,"1":1,"2":2,"3":2,"4":2,"5":2},"b":{"0":[1,1],"1":[1,1],"2":[1,1],"3":[1,1]}}
,"/home/creyes/cursos-udemy/react/proyecto-pern/rest-api-node-ts-server/src/middlewares/index.ts": {"path":"/home/creyes/cursos-udemy/react/proyecto-pern/rest-api-node-ts-server/src/middlewares/index.ts","statementMap":{"0":{"start":{"line":2,"column":0},"end":{"line":2,"column":53}},"1":{"start":{"line":4,"column":33},"end":{"line":14,"column":1}},"2":{"start":{"line":9,"column":17},"end":{"line":9,"column":38}},"3":{"start":{"line":10,"column":2},"end":{"line":12,"column":3}},"4":{"start":{"line":11,"column":4},"end":{"line":11,"column":60}},"5":{"start":{"line":13,"column":2},"end":{"line":13,"column":9}},"6":{"start":{"line":4,"column":13},"end":{"line":4,"column":33}}},"fnMap":{"0":{"name":"(anonymous_0)","decl":{"start":{"line":4,"column":33},"end":{"line":4,"column":null}},"loc":{"start":{"line":8,"column":4},"end":{"line":14,"column":1}}}},"branchMap":{"0":{"loc":{"start":{"line":10,"column":2},"end":{"line":12,"column":3}},"type":"if","locations":[{"start":{"line":10,"column":2},"end":{"line":12,"column":3}},{"start":{},"end":{}}]}},"s":{"0":2,"1":2,"2":17,"3":17,"4":8,"5":9,"6":2},"f":{"0":17},"b":{"0":[8,9]}}
,"/home/creyes/cursos-udemy/react/proyecto-pern/rest-api-node-ts-server/src/models/Product.model.ts": {"path":"/home/creyes/cursos-udemy/react/proyecto-pern/rest-api-node-ts-server/src/models/Product.model.ts","statementMap":{"0":{"start":{"line":1,"column":0},"end":{"line":1,"column":null}},"1":{"start":{"line":13,"column":7},"end":{"line":37,"column":null}},"2":{"start":{"line":13,"column":13},"end":{"line":13,"column":20}},"3":{"start":{"line":17,"column":10},"end":{"line":17,"column":null}},"4":{"start":{"line":23,"column":10},"end":{"line":23,"column":null}},"5":{"start":{"line":29,"column":10},"end":{"line":29,"column":null}},"6":{"start":{"line":36,"column":10},"end":{"line":36,"column":null}},"7":{"start":{"line":13,"column":13},"end":{"line":37,"column":null}},"8":{"start":{"line":39,"column":0},"end":{"line":39,"column":23}}},"fnMap":{},"branchMap":{},"s":{"0":3,"1":3,"2":3,"3":3,"4":3,"5":3,"6":3,"7":3,"8":3},"f":{},"b":{}}
,"/home/creyes/cursos-udemy/react/proyecto-pern/rest-api-node-ts-server/src/routers/products.router.ts": {"path":"/home/creyes/cursos-udemy/react/proyecto-pern/rest-api-node-ts-server/src/routers/products.router.ts","statementMap":{"0":{"start":{"line":1,"column":0},"end":{"line":1,"column":33}},"1":{"start":{"line":2,"column":0},"end":{"line":2,"column":48}},"2":{"start":{"line":3,"column":0},"end":{"line":3,"column":null}},"3":{"start":{"line":11,"column":0},"end":{"line":11,"column":51}},"4":{"start":{"line":13,"column":15},"end":{"line":13,"column":23}},"5":{"start":{"line":15,"column":0},"end":{"line":15,"column":29}},"6":{"start":{"line":17,"column":0},"end":{"line":31,"column":2}},"7":{"start":{"line":27,"column":23},"end":{"line":27,"column":32}},"8":{"start":{"line":33,"column":0},"end":{"line":38,"column":2}},"9":{"start":{"line":40,"column":0},"end":{"line":58,"column":2}},"10":{"start":{"line":51,"column":23},"end":{"line":51,"column":32}},"11":{"start":{"line":60,"column":0},"end":{"line":65,"column":2}},"12":{"start":{"line":67,"column":0},"end":{"line":72,"column":2}},"13":{"start":{"line":74,"column":0},"end":{"line":74,"column":22}}},"fnMap":{"0":{"name":"(anonymous_0)","decl":{"start":{"line":27,"column":12},"end":{"line":27,"column":13}},"loc":{"start":{"line":27,"column":23},"end":{"line":27,"column":32}}},"1":{"name":"(anonymous_1)","decl":{"start":{"line":51,"column":12},"end":{"line":51,"column":13}},"loc":{"start":{"line":51,"column":23},"end":{"line":51,"column":32}}}},"branchMap":{},"s":{"0":2,"1":2,"2":2,"3":2,"4":2,"5":2,"6":2,"7":4,"8":2,"9":2,"10":5,"11":2,"12":2,"13":2},"f":{"0":4,"1":5},"b":{}}
}
